2023-04-28 20:10:02.894  INFO 5716 --- [main] c.p.e.EmployeedataApplication            : Starting EmployeedataApplication using Java 17.0.6 on LAPTOP-59UL2VS7 with PID 5716 (C:\spring\employeedata\bin\main started by Bawankar in C:\spring\employeedata)
2023-04-28 20:10:02.897  INFO 5716 --- [main] c.p.e.EmployeedataApplication            : No active profile set, falling back to 1 default profile: "default"
2023-04-28 20:10:03.615  INFO 5716 --- [main] .s.d.r.c.RepositoryConfigurationDelegate : Bootstrapping Spring Data JPA repositories in DEFAULT mode.
2023-04-28 20:10:03.662  INFO 5716 --- [main] .s.d.r.c.RepositoryConfigurationDelegate : Finished Spring Data repository scanning in 35 ms. Found 1 JPA repository interfaces.
2023-04-28 20:10:03.897  INFO 5716 --- [main] trationDelegate$BeanPostProcessorChecker : Bean 'org.springframework.ws.config.annotation.DelegatingWsConfiguration' of type [org.springframework.ws.config.annotation.DelegatingWsConfiguration$$EnhancerBySpringCGLIB$$fd059c8f] is not eligible for getting processed by all BeanPostProcessors (for example: not eligible for auto-proxying)
2023-04-28 20:10:03.951  INFO 5716 --- [main] .w.s.a.s.AnnotationActionEndpointMapping : Supporting [WS-Addressing August 2004, WS-Addressing 1.0]
2023-04-28 20:10:04.260  INFO 5716 --- [main] o.s.b.w.embedded.tomcat.TomcatWebServer  : Tomcat initialized with port(s): 7001 (https)
2023-04-28 20:10:04.276  INFO 5716 --- [main] o.apache.catalina.core.StandardService   : Starting service [Tomcat]
2023-04-28 20:10:04.277  INFO 5716 --- [main] org.apache.catalina.core.StandardEngine  : Starting Servlet engine: [Apache Tomcat/9.0.74]
2023-04-28 20:10:04.476  INFO 5716 --- [main] o.a.c.c.C.[Tomcat].[localhost].[/]       : Initializing Spring embedded WebApplicationContext
2023-04-28 20:10:04.477  INFO 5716 --- [main] w.s.c.ServletWebServerApplicationContext : Root WebApplicationContext: initialization completed in 1542 ms
2023-04-28 20:10:04.625  INFO 5716 --- [main] o.hibernate.jpa.internal.util.LogHelper  : HHH000204: Processing PersistenceUnitInfo [name: default]
2023-04-28 20:10:04.693  INFO 5716 --- [main] org.hibernate.Version                    : HHH000412: Hibernate ORM core version 5.6.15.Final
2023-04-28 20:10:04.864  INFO 5716 --- [main] o.hibernate.annotations.common.Version   : HCANN000001: Hibernate Commons Annotations {5.1.2.Final}
2023-04-28 20:10:04.957  INFO 5716 --- [main] com.zaxxer.hikari.HikariDataSource       : HikariPool-1 - Starting...
2023-04-28 20:10:05.302  INFO 5716 --- [main] com.zaxxer.hikari.HikariDataSource       : HikariPool-1 - Start completed.
2023-04-28 20:10:05.339  INFO 5716 --- [main] org.hibernate.dialect.Dialect            : HHH000400: Using dialect: org.hibernate.dialect.MySQL8Dialect
2023-04-28 20:10:05.955  INFO 5716 --- [main] o.h.e.t.j.p.i.JtaPlatformInitiator       : HHH000490: Using JtaPlatform implementation: [org.hibernate.engine.transaction.jta.platform.internal.NoJtaPlatform]
2023-04-28 20:10:05.965  INFO 5716 --- [main] j.LocalContainerEntityManagerFactoryBean : Initialized JPA EntityManagerFactory for persistence unit 'default'
2023-04-28 20:10:06.263  WARN 5716 --- [main] JpaBaseConfiguration$JpaWebConfiguration : spring.jpa.open-in-view is enabled by default. Therefore, database queries may be performed during view rendering. Explicitly configure spring.jpa.open-in-view to disable this warning
2023-04-28 20:10:07.223  INFO 5716 --- [main] o.a.t.util.net.NioEndpoint.certificate   : Connector [https-jsse-nio-7001], TLS virtual host [_default_], certificate type [UNDEFINED] configured from [file:/C:/spring/employeedata/bin/main/keystore.jks] using alias [mydomain] and with trust store [null]
2023-04-28 20:10:07.245  INFO 5716 --- [main] o.s.b.w.embedded.tomcat.TomcatWebServer  : Tomcat started on port(s): 7001 (https) with context path ''
2023-04-28 20:10:07.254  INFO 5716 --- [main] c.p.e.EmployeedataApplication            : Started EmployeedataApplication in 4.722 seconds (JVM running for 5.467)
2023-04-28 20:10:25.570  INFO 5716 --- [https-jsse-nio-7001-exec-6] o.a.c.c.C.[Tomcat].[localhost].[/]       : Initializing Spring DispatcherServlet 'dispatcherServlet'
2023-04-28 20:10:25.571  INFO 5716 --- [https-jsse-nio-7001-exec-6] o.s.web.servlet.DispatcherServlet        : Initializing Servlet 'dispatcherServlet'
2023-04-28 20:10:25.572  INFO 5716 --- [https-jsse-nio-7001-exec-6] o.s.web.servlet.DispatcherServlet        : Completed initialization in 1 ms
2023-04-28 20:10:25.612  INFO 5716 --- [https-jsse-nio-7001-exec-6] c.p.e.controller.EmployeeController      : Getting user by ID: 349 checking..............
2023-04-28 20:10:51.792  INFO 5716 --- [RMI TCP Connection(10)-127.0.0.1] inMXBeanRegistrar$SpringApplicationAdmin : Application shutdown requested.
2023-04-28 20:10:51.804  INFO 5716 --- [RMI TCP Connection(10)-127.0.0.1] o.apache.catalina.core.StandardService   : Stopping service [Tomcat]
2023-04-28 20:10:51.805  INFO 5716 --- [RMI TCP Connection(10)-127.0.0.1] o.a.c.c.C.[Tomcat].[localhost].[/]       : Destroying Spring FrameworkServlet 'dispatcherServlet'
2023-04-28 20:10:51.812  INFO 5716 --- [RMI TCP Connection(10)-127.0.0.1] j.LocalContainerEntityManagerFactoryBean : Closing JPA EntityManagerFactory for persistence unit 'default'
2023-04-28 20:10:51.814  INFO 5716 --- [RMI TCP Connection(10)-127.0.0.1] com.zaxxer.hikari.HikariDataSource       : HikariPool-1 - Shutdown initiated...
2023-04-28 20:10:51.823  INFO 5716 --- [RMI TCP Connection(10)-127.0.0.1] com.zaxxer.hikari.HikariDataSource       : HikariPool-1 - Shutdown completed.
2023-04-28 20:10:53.661  INFO 16880 --- [main] c.p.e.EmployeedataApplication            : Starting EmployeedataApplication using Java 17.0.6 on LAPTOP-59UL2VS7 with PID 16880 (C:\spring\employeedata\bin\main started by Bawankar in C:\spring\employeedata)
2023-04-28 20:10:53.663  INFO 16880 --- [main] c.p.e.EmployeedataApplication            : No active profile set, falling back to 1 default profile: "default"
2023-04-28 20:10:54.258  INFO 16880 --- [main] .s.d.r.c.RepositoryConfigurationDelegate : Bootstrapping Spring Data JPA repositories in DEFAULT mode.
2023-04-28 20:10:54.303  INFO 16880 --- [main] .s.d.r.c.RepositoryConfigurationDelegate : Finished Spring Data repository scanning in 37 ms. Found 1 JPA repository interfaces.
2023-04-28 20:10:54.529  INFO 16880 --- [main] trationDelegate$BeanPostProcessorChecker : Bean 'org.springframework.ws.config.annotation.DelegatingWsConfiguration' of type [org.springframework.ws.config.annotation.DelegatingWsConfiguration$$EnhancerBySpringCGLIB$$80222a52] is not eligible for getting processed by all BeanPostProcessors (for example: not eligible for auto-proxying)
2023-04-28 20:10:54.589  INFO 16880 --- [main] .w.s.a.s.AnnotationActionEndpointMapping : Supporting [WS-Addressing August 2004, WS-Addressing 1.0]
2023-04-28 20:10:54.900  INFO 16880 --- [main] o.s.b.w.embedded.tomcat.TomcatWebServer  : Tomcat initialized with port(s): 7001 (https)
2023-04-28 20:10:54.909  INFO 16880 --- [main] o.apache.catalina.core.StandardService   : Starting service [Tomcat]
2023-04-28 20:10:54.909  INFO 16880 --- [main] org.apache.catalina.core.StandardEngine  : Starting Servlet engine: [Apache Tomcat/9.0.74]
2023-04-28 20:10:55.022  INFO 16880 --- [main] o.a.c.c.C.[Tomcat].[localhost].[/]       : Initializing Spring embedded WebApplicationContext
2023-04-28 20:10:55.022  INFO 16880 --- [main] w.s.c.ServletWebServerApplicationContext : Root WebApplicationContext: initialization completed in 1290 ms
2023-04-28 20:10:55.154  INFO 16880 --- [main] o.hibernate.jpa.internal.util.LogHelper  : HHH000204: Processing PersistenceUnitInfo [name: default]
2023-04-28 20:10:55.197  INFO 16880 --- [main] org.hibernate.Version                    : HHH000412: Hibernate ORM core version 5.6.15.Final
2023-04-28 20:10:55.342  INFO 16880 --- [main] o.hibernate.annotations.common.Version   : HCANN000001: Hibernate Commons Annotations {5.1.2.Final}
2023-04-28 20:10:55.427  INFO 16880 --- [main] com.zaxxer.hikari.HikariDataSource       : HikariPool-1 - Starting...
2023-04-28 20:10:55.711  INFO 16880 --- [main] com.zaxxer.hikari.HikariDataSource       : HikariPool-1 - Start completed.
2023-04-28 20:10:55.738  INFO 16880 --- [main] org.hibernate.dialect.Dialect            : HHH000400: Using dialect: org.hibernate.dialect.MySQL8Dialect
2023-04-28 20:10:56.321  INFO 16880 --- [main] o.h.e.t.j.p.i.JtaPlatformInitiator       : HHH000490: Using JtaPlatform implementation: [org.hibernate.engine.transaction.jta.platform.internal.NoJtaPlatform]
2023-04-28 20:10:56.329  INFO 16880 --- [main] j.LocalContainerEntityManagerFactoryBean : Initialized JPA EntityManagerFactory for persistence unit 'default'
2023-04-28 20:10:56.621  WARN 16880 --- [main] JpaBaseConfiguration$JpaWebConfiguration : spring.jpa.open-in-view is enabled by default. Therefore, database queries may be performed during view rendering. Explicitly configure spring.jpa.open-in-view to disable this warning
2023-04-28 20:10:57.624  INFO 16880 --- [main] o.a.t.util.net.NioEndpoint.certificate   : Connector [https-jsse-nio-7001], TLS virtual host [_default_], certificate type [UNDEFINED] configured from [file:/C:/spring/employeedata/bin/main/keystore.jks] using alias [mydomain] and with trust store [null]
2023-04-28 20:10:57.645  INFO 16880 --- [main] o.s.b.w.embedded.tomcat.TomcatWebServer  : Tomcat started on port(s): 7001 (https) with context path ''
2023-04-28 20:10:57.654  INFO 16880 --- [main] c.p.e.EmployeedataApplication            : Started EmployeedataApplication in 4.321 seconds (JVM running for 4.998)
2023-04-28 20:12:00.400  INFO 16880 --- [RMI TCP Connection(9)-127.0.0.1] inMXBeanRegistrar$SpringApplicationAdmin : Application shutdown requested.
2023-04-28 20:12:00.413  INFO 16880 --- [RMI TCP Connection(9)-127.0.0.1] o.apache.catalina.core.StandardService   : Stopping service [Tomcat]
2023-04-28 20:12:00.422  INFO 16880 --- [RMI TCP Connection(9)-127.0.0.1] j.LocalContainerEntityManagerFactoryBean : Closing JPA EntityManagerFactory for persistence unit 'default'
2023-04-28 20:12:00.424  INFO 16880 --- [RMI TCP Connection(9)-127.0.0.1] com.zaxxer.hikari.HikariDataSource       : HikariPool-1 - Shutdown initiated...
2023-04-28 20:12:00.436  INFO 16880 --- [RMI TCP Connection(9)-127.0.0.1] com.zaxxer.hikari.HikariDataSource       : HikariPool-1 - Shutdown completed.
2023-04-28 21:46:17.576  INFO 26988 --- [main] c.p.e.EmployeedataApplication            : Starting EmployeedataApplication using Java 17.0.6 on LAPTOP-59UL2VS7 with PID 26988 (C:\spring\employeedata\bin\main started by Bawankar in C:\spring\employeedata)
2023-04-28 21:46:17.579  INFO 26988 --- [main] c.p.e.EmployeedataApplication            : No active profile set, falling back to 1 default profile: "default"
2023-04-28 21:46:18.244  INFO 26988 --- [main] .s.d.r.c.RepositoryConfigurationDelegate : Bootstrapping Spring Data JPA repositories in DEFAULT mode.
2023-04-28 21:46:18.298  INFO 26988 --- [main] .s.d.r.c.RepositoryConfigurationDelegate : Finished Spring Data repository scanning in 42 ms. Found 1 JPA repository interfaces.
2023-04-28 21:46:18.552  INFO 26988 --- [main] trationDelegate$BeanPostProcessorChecker : Bean 'org.springframework.ws.config.annotation.DelegatingWsConfiguration' of type [org.springframework.ws.config.annotation.DelegatingWsConfiguration$$EnhancerBySpringCGLIB$$19a9b5b5] is not eligible for getting processed by all BeanPostProcessors (for example: not eligible for auto-proxying)
2023-04-28 21:46:18.610  INFO 26988 --- [main] .w.s.a.s.AnnotationActionEndpointMapping : Supporting [WS-Addressing August 2004, WS-Addressing 1.0]
2023-04-28 21:46:18.861  INFO 26988 --- [main] o.s.b.w.embedded.tomcat.TomcatWebServer  : Tomcat initialized with port(s): 7001 (https)
2023-04-28 21:46:18.872  INFO 26988 --- [main] o.apache.catalina.core.StandardService   : Starting service [Tomcat]
2023-04-28 21:46:18.872  INFO 26988 --- [main] org.apache.catalina.core.StandardEngine  : Starting Servlet engine: [Apache Tomcat/9.0.74]
2023-04-28 21:46:18.991  INFO 26988 --- [main] o.a.c.c.C.[Tomcat].[localhost].[/]       : Initializing Spring embedded WebApplicationContext
2023-04-28 21:46:18.991  INFO 26988 --- [main] w.s.c.ServletWebServerApplicationContext : Root WebApplicationContext: initialization completed in 1360 ms
2023-04-28 21:46:19.146  INFO 26988 --- [main] o.hibernate.jpa.internal.util.LogHelper  : HHH000204: Processing PersistenceUnitInfo [name: default]
2023-04-28 21:46:19.207  INFO 26988 --- [main] org.hibernate.Version                    : HHH000412: Hibernate ORM core version 5.6.15.Final
2023-04-28 21:46:19.372  INFO 26988 --- [main] o.hibernate.annotations.common.Version   : HCANN000001: Hibernate Commons Annotations {5.1.2.Final}
2023-04-28 21:46:19.478  INFO 26988 --- [main] com.zaxxer.hikari.HikariDataSource       : HikariPool-1 - Starting...
2023-04-28 21:46:19.778  INFO 26988 --- [main] com.zaxxer.hikari.HikariDataSource       : HikariPool-1 - Start completed.
2023-04-28 21:46:19.809  INFO 26988 --- [main] org.hibernate.dialect.Dialect            : HHH000400: Using dialect: org.hibernate.dialect.MySQL8Dialect
2023-04-28 21:46:20.403  INFO 26988 --- [main] o.h.e.t.j.p.i.JtaPlatformInitiator       : HHH000490: Using JtaPlatform implementation: [org.hibernate.engine.transaction.jta.platform.internal.NoJtaPlatform]
2023-04-28 21:46:20.412  INFO 26988 --- [main] j.LocalContainerEntityManagerFactoryBean : Initialized JPA EntityManagerFactory for persistence unit 'default'
2023-04-28 21:46:20.708  WARN 26988 --- [main] JpaBaseConfiguration$JpaWebConfiguration : spring.jpa.open-in-view is enabled by default. Therefore, database queries may be performed during view rendering. Explicitly configure spring.jpa.open-in-view to disable this warning
2023-04-28 21:46:21.651  INFO 26988 --- [main] o.a.t.util.net.NioEndpoint.certificate   : Connector [https-jsse-nio-7001], TLS virtual host [_default_], certificate type [UNDEFINED] configured from [file:/C:/spring/employeedata/bin/main/keystore.jks] using alias [mydomain] and with trust store [null]
2023-04-28 21:46:21.672  INFO 26988 --- [main] o.s.b.w.embedded.tomcat.TomcatWebServer  : Tomcat started on port(s): 7001 (https) with context path ''
2023-04-28 21:46:21.680  INFO 26988 --- [main] c.p.e.EmployeedataApplication            : Started EmployeedataApplication in 4.519 seconds (JVM running for 5.336)
2023-04-28 21:46:41.454  INFO 26988 --- [https-jsse-nio-7001-exec-6] o.a.c.c.C.[Tomcat].[localhost].[/]       : Initializing Spring DispatcherServlet 'dispatcherServlet'
2023-04-28 21:46:41.454  INFO 26988 --- [https-jsse-nio-7001-exec-6] o.s.web.servlet.DispatcherServlet        : Initializing Servlet 'dispatcherServlet'
2023-04-28 21:46:41.456  INFO 26988 --- [https-jsse-nio-7001-exec-6] o.s.web.servlet.DispatcherServlet        : Completed initialization in 1 ms
2023-04-28 21:46:41.503  INFO 26988 --- [https-jsse-nio-7001-exec-6] c.p.e.controller.EmployeeController      : Getting user by ID: 349 checking..............
2023-04-28 21:46:47.554  INFO 26988 --- [RMI TCP Connection(6)-127.0.0.1] inMXBeanRegistrar$SpringApplicationAdmin : Application shutdown requested.
2023-04-28 21:46:47.569  INFO 26988 --- [RMI TCP Connection(6)-127.0.0.1] o.apache.catalina.core.StandardService   : Stopping service [Tomcat]
2023-04-28 21:46:47.569  INFO 26988 --- [RMI TCP Connection(6)-127.0.0.1] o.a.c.c.C.[Tomcat].[localhost].[/]       : Destroying Spring FrameworkServlet 'dispatcherServlet'
2023-04-28 21:46:47.579  INFO 26988 --- [RMI TCP Connection(6)-127.0.0.1] j.LocalContainerEntityManagerFactoryBean : Closing JPA EntityManagerFactory for persistence unit 'default'
2023-04-28 21:46:47.579  INFO 26988 --- [RMI TCP Connection(6)-127.0.0.1] com.zaxxer.hikari.HikariDataSource       : HikariPool-1 - Shutdown initiated...
2023-04-28 21:46:47.589  INFO 26988 --- [RMI TCP Connection(6)-127.0.0.1] com.zaxxer.hikari.HikariDataSource       : HikariPool-1 - Shutdown completed.
2023-04-28 22:29:45.168  INFO 12852 --- [Test worker] c.p.e.EmployeedataApplicationTests       : Starting EmployeedataApplicationTests using Java 17.0.6 on LAPTOP-59UL2VS7 with PID 12852 (started by Bawankar in C:\spring\employeedata)
2023-04-28 22:29:45.175  INFO 12852 --- [Test worker] c.p.e.EmployeedataApplicationTests       : No active profile set, falling back to 1 default profile: "default"
2023-04-28 22:29:47.946  INFO 12852 --- [Test worker] .s.d.r.c.RepositoryConfigurationDelegate : Bootstrapping Spring Data JPA repositories in DEFAULT mode.
2023-04-28 22:29:48.578  INFO 12852 --- [Test worker] .s.d.r.c.RepositoryConfigurationDelegate : Finished Spring Data repository scanning in 606 ms. Found 1 JPA repository interfaces.
2023-04-28 22:29:49.580  INFO 12852 --- [Test worker] trationDelegate$BeanPostProcessorChecker : Bean 'org.springframework.ws.config.annotation.DelegatingWsConfiguration' of type [org.springframework.ws.config.annotation.DelegatingWsConfiguration$$EnhancerBySpringCGLIB$$6a9b5e00] is not eligible for getting processed by all BeanPostProcessors (for example: not eligible for auto-proxying)
2023-04-28 22:29:49.798  INFO 12852 --- [Test worker] .w.s.a.s.AnnotationActionEndpointMapping : Supporting [WS-Addressing August 2004, WS-Addressing 1.0]
2023-04-28 22:29:50.545  INFO 12852 --- [Test worker] o.hibernate.jpa.internal.util.LogHelper  : HHH000204: Processing PersistenceUnitInfo [name: default]
2023-04-28 22:29:50.835  INFO 12852 --- [Test worker] org.hibernate.Version                    : HHH000412: Hibernate ORM core version 5.6.15.Final
2023-04-28 22:29:51.511  INFO 12852 --- [Test worker] o.hibernate.annotations.common.Version   : HCANN000001: Hibernate Commons Annotations {5.1.2.Final}
2023-04-28 22:29:51.937  INFO 12852 --- [Test worker] com.zaxxer.hikari.HikariDataSource       : HikariPool-1 - Starting...
2023-04-28 22:29:53.259  INFO 12852 --- [Test worker] com.zaxxer.hikari.HikariDataSource       : HikariPool-1 - Start completed.
2023-04-28 22:29:53.380  INFO 12852 --- [Test worker] org.hibernate.dialect.Dialect            : HHH000400: Using dialect: org.hibernate.dialect.MySQL8Dialect
2023-04-28 22:29:55.797  INFO 12852 --- [Test worker] o.h.e.t.j.p.i.JtaPlatformInitiator       : HHH000490: Using JtaPlatform implementation: [org.hibernate.engine.transaction.jta.platform.internal.NoJtaPlatform]
2023-04-28 22:29:55.839  INFO 12852 --- [Test worker] j.LocalContainerEntityManagerFactoryBean : Initialized JPA EntityManagerFactory for persistence unit 'default'
2023-04-28 22:29:57.876  WARN 12852 --- [Test worker] JpaBaseConfiguration$JpaWebConfiguration : spring.jpa.open-in-view is enabled by default. Therefore, database queries may be performed during view rendering. Explicitly configure spring.jpa.open-in-view to disable this warning
2023-04-28 22:30:04.105  INFO 12852 --- [Test worker] c.p.e.EmployeedataApplicationTests       : Started EmployeedataApplicationTests in 19.878 seconds (JVM running for 24.1)
2023-04-28 22:30:04.956  INFO 12852 --- [Test worker] .b.t.c.SpringBootTestContextBootstrapper : Neither @ContextConfiguration nor @ContextHierarchy found for test class [com.project.employeedata.service.EmployeeServiceImplTest], using SpringBootContextLoader
2023-04-28 22:30:04.961  INFO 12852 --- [Test worker] o.s.t.c.support.AbstractContextLoader    : Could not detect default resource locations for test class [com.project.employeedata.service.EmployeeServiceImplTest]: no resource found for suffixes {-context.xml, Context.groovy}.
2023-04-28 22:30:04.962  INFO 12852 --- [Test worker] t.c.s.AnnotationConfigContextLoaderUtils : Could not detect default configuration classes for test class [com.project.employeedata.service.EmployeeServiceImplTest]: EmployeeServiceImplTest does not declare any static, non-private, non-final, nested classes annotated with @Configuration.
2023-04-28 22:30:04.989  INFO 12852 --- [Test worker] .b.t.c.SpringBootTestContextBootstrapper : Found @SpringBootConfiguration com.project.employeedata.EmployeedataApplication for test class com.project.employeedata.service.EmployeeServiceImplTest
2023-04-28 22:30:04.996  INFO 12852 --- [Test worker] .b.t.c.SpringBootTestContextBootstrapper : Loaded default TestExecutionListener class names from location [META-INF/spring.factories]: [org.springframework.boot.test.autoconfigure.restdocs.RestDocsTestExecutionListener, org.springframework.boot.test.autoconfigure.web.client.MockRestServiceServerResetTestExecutionListener, org.springframework.boot.test.autoconfigure.web.servlet.MockMvcPrintOnlyOnFailureTestExecutionListener, org.springframework.boot.test.autoconfigure.web.servlet.WebDriverTestExecutionListener, org.springframework.boot.test.autoconfigure.webservices.client.MockWebServiceServerTestExecutionListener, org.springframework.boot.test.mock.mockito.MockitoTestExecutionListener, org.springframework.boot.test.mock.mockito.ResetMocksTestExecutionListener, org.springframework.test.context.web.ServletTestExecutionListener, org.springframework.test.context.support.DirtiesContextBeforeModesTestExecutionListener, org.springframework.test.context.event.ApplicationEventsTestExecutionListener, org.springframework.test.context.support.DependencyInjectionTestExecutionListener, org.springframework.test.context.support.DirtiesContextTestExecutionListener, org.springframework.test.context.transaction.TransactionalTestExecutionListener, org.springframework.test.context.jdbc.SqlScriptsTestExecutionListener, org.springframework.test.context.event.EventPublishingTestExecutionListener]
2023-04-28 22:30:04.998  INFO 12852 --- [Test worker] .b.t.c.SpringBootTestContextBootstrapper : Using TestExecutionListeners: [org.springframework.test.context.web.ServletTestExecutionListener@e14559e, org.springframework.test.context.support.DirtiesContextBeforeModesTestExecutionListener@7a0eb939, org.springframework.test.context.event.ApplicationEventsTestExecutionListener@54a7d1b9, org.springframework.boot.test.mock.mockito.MockitoTestExecutionListener@209f0986, org.springframework.boot.test.autoconfigure.SpringBootDependencyInjectionTestExecutionListener@c0b10ae, org.springframework.test.context.support.DirtiesContextTestExecutionListener@3c3a767, org.springframework.test.context.transaction.TransactionalTestExecutionListener@698394bf, org.springframework.test.context.jdbc.SqlScriptsTestExecutionListener@31887330, org.springframework.test.context.event.EventPublishingTestExecutionListener@65528bcf, org.springframework.boot.test.autoconfigure.restdocs.RestDocsTestExecutionListener@7bb4f09d, org.springframework.boot.test.autoconfigure.web.client.MockRestServiceServerResetTestExecutionListener@ee7a538, org.springframework.boot.test.autoconfigure.web.servlet.MockMvcPrintOnlyOnFailureTestExecutionListener@7c045627, org.springframework.boot.test.autoconfigure.web.servlet.WebDriverTestExecutionListener@d79a69b, org.springframework.boot.test.autoconfigure.webservices.client.MockWebServiceServerTestExecutionListener@51158fb1, org.springframework.boot.test.mock.mockito.ResetMocksTestExecutionListener@62682ece]
2023-04-28 22:30:05.268  INFO 12852 --- [SpringApplicationShutdownHook] j.LocalContainerEntityManagerFactoryBean : Closing JPA EntityManagerFactory for persistence unit 'default'
2023-04-28 22:30:05.274  INFO 12852 --- [SpringApplicationShutdownHook] com.zaxxer.hikari.HikariDataSource       : HikariPool-1 - Shutdown initiated...
2023-04-28 22:30:05.315  INFO 12852 --- [SpringApplicationShutdownHook] com.zaxxer.hikari.HikariDataSource       : HikariPool-1 - Shutdown completed.
